ARM GAS  C:\Users\SIMONM~1\AppData\Local\Temp\cc4pFyDH.s 			page 1


   1              		.cpu cortex-m4
   2              		.arch armv7e-m
   3              		.fpu fpv4-sp-d16
   4              		.eabi_attribute 27, 1
   5              		.eabi_attribute 28, 1
   6              		.eabi_attribute 20, 1
   7              		.eabi_attribute 21, 1
   8              		.eabi_attribute 23, 3
   9              		.eabi_attribute 24, 1
  10              		.eabi_attribute 25, 1
  11              		.eabi_attribute 26, 1
  12              		.eabi_attribute 30, 1
  13              		.eabi_attribute 34, 1
  14              		.eabi_attribute 18, 4
  15              		.file	"it_handlers.c"
  16              		.text
  17              	.Ltext0:
  18              		.cfi_sections	.debug_frame
  19              		.file 1 "Core/Src/it_handlers.c"
  20              		.section	.text.ADC_IRQHandler,"ax",%progbits
  21              		.align	1
  22              		.global	ADC_IRQHandler
  23              		.syntax unified
  24              		.thumb
  25              		.thumb_func
  27              	ADC_IRQHandler:
  28              	.LFB130:
   1:Core/Src/it_handlers.c **** #include "it_handlers.h"
   2:Core/Src/it_handlers.c **** 
   3:Core/Src/it_handlers.c **** 
   4:Core/Src/it_handlers.c **** 
   5:Core/Src/it_handlers.c **** extern uint16_t adc;
   6:Core/Src/it_handlers.c **** extern uint16_t flag;
   7:Core/Src/it_handlers.c **** 
   8:Core/Src/it_handlers.c **** void ADC_IRQHandler(void)
   9:Core/Src/it_handlers.c **** {
  29              		.loc 1 9 1 view -0
  30              		.cfi_startproc
  31              		@ args = 0, pretend = 0, frame = 0
  32              		@ frame_needed = 0, uses_anonymous_args = 0
  33              		@ link register save eliminated.
  10:Core/Src/it_handlers.c ****     flag = 1;
  34              		.loc 1 10 5 view .LVU1
  35              		.loc 1 10 10 is_stmt 0 view .LVU2
  36 0000 074B     		ldr	r3, .L2
  37 0002 0122     		movs	r2, #1
  38 0004 1A80     		strh	r2, [r3]	@ movhi
  11:Core/Src/it_handlers.c ****     SET_BIT(ADC1->CR2, ADC_CR2_SWSTART); 
  39              		.loc 1 11 5 is_stmt 1 view .LVU3
  40 0006 074B     		ldr	r3, .L2+4
  41 0008 9A68     		ldr	r2, [r3, #8]
  42 000a 42F08042 		orr	r2, r2, #1073741824
  43 000e 9A60     		str	r2, [r3, #8]
  12:Core/Src/it_handlers.c ****     adc =  ADC1->DR; 
  44              		.loc 1 12 5 view .LVU4
  45              		.loc 1 12 16 is_stmt 0 view .LVU5
  46 0010 D96C     		ldr	r1, [r3, #76]
ARM GAS  C:\Users\SIMONM~1\AppData\Local\Temp\cc4pFyDH.s 			page 2


  47              		.loc 1 12 9 view .LVU6
  48 0012 054A     		ldr	r2, .L2+8
  49 0014 1180     		strh	r1, [r2]	@ movhi
  13:Core/Src/it_handlers.c ****     CLEAR_BIT(ADC1->SR, ADC_SR_EOC);
  50              		.loc 1 13 5 is_stmt 1 view .LVU7
  51 0016 1A68     		ldr	r2, [r3]
  52 0018 22F00202 		bic	r2, r2, #2
  53 001c 1A60     		str	r2, [r3]
  14:Core/Src/it_handlers.c **** }
  54              		.loc 1 14 1 is_stmt 0 view .LVU8
  55 001e 7047     		bx	lr
  56              	.L3:
  57              		.align	2
  58              	.L2:
  59 0020 00000000 		.word	flag
  60 0024 00200140 		.word	1073815552
  61 0028 00000000 		.word	adc
  62              		.cfi_endproc
  63              	.LFE130:
  65              		.text
  66              	.Letext0:
  67              		.file 2 "C:/Tools/SysGCC/arm-none-eabi/include/machine/_default_types.h"
  68              		.file 3 "C:/Tools/SysGCC/arm-none-eabi/include/sys/_stdint.h"
  69              		.file 4 "Core/Inc/../../CMSIS/Devices/STM32F4xx/Inc/STM32F429ZI/stm32f429xx.h"
ARM GAS  C:\Users\SIMONM~1\AppData\Local\Temp\cc4pFyDH.s 			page 3


DEFINED SYMBOLS
                            *ABS*:00000000 it_handlers.c
C:\Users\SIMONM~1\AppData\Local\Temp\cc4pFyDH.s:21     .text.ADC_IRQHandler:00000000 $t
C:\Users\SIMONM~1\AppData\Local\Temp\cc4pFyDH.s:27     .text.ADC_IRQHandler:00000000 ADC_IRQHandler
C:\Users\SIMONM~1\AppData\Local\Temp\cc4pFyDH.s:59     .text.ADC_IRQHandler:00000020 $d

UNDEFINED SYMBOLS
flag
adc
